<?xml version="1.0" encoding="UTF-8"?>
<!-- Generated by org.testng.reporters.JUnitReportReporter -->
<testsuite hostname="DESKTOP-1M912JJ" failures="0" tests="4" name="tests.Testcases" time="72.340" errors="0" timestamp="2023-02-19T16:05:03 AWST" skipped="0">
  <testcase classname="tests.Testcases" name="test1" time="4.210"/>
  <system-out/>
  <testcase classname="tests.Testcases" name="test4" time="0.663"/>
  <system-out/>
  <testcase classname="tests.Testcases" name="test3" time="54.634"/>
  <system-out/>
  <testcase classname="tests.Testcases" name="test2" time="12.833"/>
  <system-out/>
</testsuite> <!-- tests.Testcases -->
