<?xml version="1.0" encoding="UTF-8"?>
<!-- Generated by org.testng.reporters.JUnitReportReporter -->
<testsuite hostname="DESKTOP-1M912JJ" failures="0" tests="4" name="tests.Testcases" time="54.401" errors="0" timestamp="2023-02-19T01:06:41 AWST" skipped="0">
  <testcase classname="tests.Testcases" name="test3" time="23.496"/>
  <system-out/>
  <testcase classname="tests.Testcases" name="test4" time="18.696"/>
  <system-out/>
  <testcase classname="tests.Testcases" name="test1" time="0.870"/>
  <system-out/>
  <testcase classname="tests.Testcases" name="test2" time="11.339"/>
  <system-out/>
</testsuite> <!-- tests.Testcases -->
